31-Oct-2023 00:16:00.127 信息 [main] org.apache.catalina.startup.VersionLoggerListener.log Server.服务器版本: Apache Tomcat/10.1.14
31-Oct-2023 00:16:00.131 信息 [main] org.apache.catalina.startup.VersionLoggerListener.log 服务器构建:        Oct 9 2023 21:01:11 UTC
31-Oct-2023 00:16:00.131 信息 [main] org.apache.catalina.startup.VersionLoggerListener.log 服务器版本号:      10.1.14.0
31-Oct-2023 00:16:00.131 信息 [main] org.apache.catalina.startup.VersionLoggerListener.log 操作系统名称:      Windows 11
31-Oct-2023 00:16:00.131 信息 [main] org.apache.catalina.startup.VersionLoggerListener.log OS.版本:           10.0
31-Oct-2023 00:16:00.131 信息 [main] org.apache.catalina.startup.VersionLoggerListener.log 架构:              amd64
31-Oct-2023 00:16:00.132 信息 [main] org.apache.catalina.startup.VersionLoggerListener.log Java 环境变量:     E:\Develop_tools\jdk17
31-Oct-2023 00:16:00.132 信息 [main] org.apache.catalina.startup.VersionLoggerListener.log Java虚拟机版本:    17.0.8+9-LTS-211
31-Oct-2023 00:16:00.132 信息 [main] org.apache.catalina.startup.VersionLoggerListener.log JVM.供应商:        Oracle Corporation
31-Oct-2023 00:16:00.132 信息 [main] org.apache.catalina.startup.VersionLoggerListener.log CATALINA_BASE:     E:\IntelliJ IDEA 2023.2.2\projects\JAVA_FINAL_WORK\SmartTomCat
31-Oct-2023 00:16:00.132 信息 [main] org.apache.catalina.startup.VersionLoggerListener.log CATALINA_HOME:     E:\apache-tomcat-10.1.14
31-Oct-2023 00:16:00.138 信息 [main] org.apache.catalina.startup.VersionLoggerListener.log 命令行参数：       --add-opens=java.base/java.lang=ALL-UNNAMED
31-Oct-2023 00:16:00.138 信息 [main] org.apache.catalina.startup.VersionLoggerListener.log 命令行参数：       --add-opens=java.base/java.io=ALL-UNNAMED
31-Oct-2023 00:16:00.139 信息 [main] org.apache.catalina.startup.VersionLoggerListener.log 命令行参数：       --add-opens=java.base/java.util=ALL-UNNAMED
31-Oct-2023 00:16:00.139 信息 [main] org.apache.catalina.startup.VersionLoggerListener.log 命令行参数：       --add-opens=java.base/java.util.concurrent=ALL-UNNAMED
31-Oct-2023 00:16:00.139 信息 [main] org.apache.catalina.startup.VersionLoggerListener.log 命令行参数：       --add-opens=java.rmi/sun.rmi.transport=ALL-UNNAMED
31-Oct-2023 00:16:00.139 信息 [main] org.apache.catalina.startup.VersionLoggerListener.log 命令行参数：       -Dcatalina.home=E:\apache-tomcat-10.1.14
31-Oct-2023 00:16:00.139 信息 [main] org.apache.catalina.startup.VersionLoggerListener.log 命令行参数：       -Dcatalina.base=E:\IntelliJ IDEA 2023.2.2\projects\JAVA_FINAL_WORK\SmartTomCat
31-Oct-2023 00:16:00.139 信息 [main] org.apache.catalina.startup.VersionLoggerListener.log 命令行参数：       -Djava.io.tmpdir=E:\IntelliJ IDEA 2023.2.2\projects\JAVA_FINAL_WORK\SmartTomCat\temp
31-Oct-2023 00:16:00.139 信息 [main] org.apache.catalina.startup.VersionLoggerListener.log 命令行参数：       -Djava.util.logging.config.file=E:\IntelliJ IDEA 2023.2.2\projects\JAVA_FINAL_WORK\SmartTomCat\conf\logging.properties
31-Oct-2023 00:16:00.139 信息 [main] org.apache.catalina.startup.VersionLoggerListener.log 命令行参数：       -Djava.util.logging.manager=org.apache.juli.ClassLoaderLogManager
31-Oct-2023 00:16:00.139 信息 [main] org.apache.catalina.startup.VersionLoggerListener.log 命令行参数：       -javaagent:E:\IntelliJ IDEA 2023.2.2\lib\idea_rt.jar=59704:E:\IntelliJ IDEA 2023.2.2\bin
31-Oct-2023 00:16:00.139 信息 [main] org.apache.catalina.startup.VersionLoggerListener.log 命令行参数：       -Dfile.encoding=UTF-8
31-Oct-2023 00:16:00.141 信息 [main] org.apache.catalina.core.AprLifecycleListener.lifecycleEvent 使用APR版本[1.7.4]加载了基于APR的Apache Tomcat本机库[2.0.6]。
31-Oct-2023 00:16:00.145 信息 [main] org.apache.catalina.core.AprLifecycleListener.initializeSSL OpenSSL成功初始化 [OpenSSL 3.0.11 19 Sep 2023]
31-Oct-2023 00:16:00.321 信息 [main] org.apache.coyote.AbstractProtocol.init 初始化协议处理器 ["http-nio-8080"]
31-Oct-2023 00:16:00.335 信息 [main] org.apache.catalina.startup.Catalina.load 服务器在[350]毫秒内初始化
31-Oct-2023 00:16:00.373 信息 [main] org.apache.catalina.core.StandardService.startInternal 正在启动服务[Catalina]
31-Oct-2023 00:16:00.374 信息 [main] org.apache.catalina.core.StandardEngine.startInternal 正在启动 Servlet 引擎：[Apache Tomcat/10.1.14]
31-Oct-2023 00:16:00.384 信息 [main] org.apache.catalina.startup.HostConfig.deployDescriptor 正在部署部署描述符[E:\IntelliJ IDEA 2023.2.2\projects\JAVA_FINAL_WORK\SmartTomCat\conf\Catalina\localhost\JAVA_FINAL_WORK.xml]。
31-Oct-2023 00:16:00.677 信息 [main] org.apache.jasper.servlet.TldScanner.scanJars 至少有一个JAR被扫描用于TLD但尚未包含TLD。 为此记录器启用调试日志记录，以获取已扫描但未在其中找到TLD的完整JAR列表。 在扫描期间跳过不需要的JAR可以缩短启动时间和JSP编译时间。
31-Oct-2023 00:16:00.751 信息 [main] org.apache.catalina.startup.HostConfig.deployDescriptor 部署描述符[E:\IntelliJ IDEA 2023.2.2\projects\JAVA_FINAL_WORK\SmartTomCat\conf\Catalina\localhost\JAVA_FINAL_WORK.xml]的部署已在[361]ms内完成
31-Oct-2023 00:16:00.755 信息 [main] org.apache.coyote.AbstractProtocol.start 开始协议处理句柄["http-nio-8080"]
31-Oct-2023 00:16:00.794 信息 [main] org.apache.catalina.startup.Catalina.start [457]毫秒后服务器启动
31-Oct-2023 00:16:59.764 信息 [Thread-1] org.apache.coyote.AbstractProtocol.pause 暂停ProtocolHandler["http-nio-8080"]
31-Oct-2023 00:16:59.776 信息 [Thread-1] org.apache.catalina.core.StandardService.stopInternal 正在停止服务[Catalina]
31-Oct-2023 00:16:59.782 信息 [Thread-1] org.apache.coyote.AbstractProtocol.stop 正在停止ProtocolHandler ["http-nio-8080"]
31-Oct-2023 00:16:59.785 信息 [Thread-1] org.apache.coyote.AbstractProtocol.destroy 正在摧毁协议处理器 ["http-nio-8080"]
